<?xml version="1.0" encoding="UTF-8"?>
<!-- Generated by org.testng.reporters.JUnitReportReporter -->
<testsuite skipped="0" hostname="WKWCO5101768" name="Post.CommentTest" tests="5" failures="0" timestamp="26 feb 2021 23:25:56 GMT" time="3.595" errors="0">
  <testcase name="CeditArticleSucess" time="0.756" classname="Post.CommentTest"/>
  <testcase name="deleteArticleSuccess" time="0.577" classname="Post.CommentTest"/>
  <testcase name="BcreateComment" time="0.814" classname="Post.CommentTest"/>
  <testcase name="DgetCommentsFromUser" time="0.707" classname="Post.CommentTest"/>
  <testcase name="FgetOneComment" time="0.741" classname="Post.CommentTest"/>
</testsuite> <!-- Post.CommentTest -->
