<?xml version="1.0" encoding="UTF-8"?>
<!-- Generated by org.testng.reporters.JUnitReportReporter -->
<testsuite skipped="0" hostname="WKWCO5101768" name="Test.PostTest" tests="7" failures="0" timestamp="11 mar 2021 14:57:06 GMT" time="11.167" errors="0">
  <testcase name="invalidTokenCantCreateNewPost" time="0.565" classname="Test.PostTest"/>
  <testcase name="AinvalidEditionPost" time="2.811" classname="Test.PostTest"/>
  <testcase name="editPostSucess" time="1.507" classname="Test.PostTest"/>
  <testcase name="getAllArticlesFromUser" time="1.416" classname="Test.PostTest"/>
  <testcase name="deleteArticleSuccess" time="1.530" classname="Test.PostTest"/>
  <testcase name="getOneArticle" time="1.512" classname="Test.PostTest"/>
  <testcase name="createPostSucess" time="1.826" classname="Test.PostTest"/>
</testsuite> <!-- Test.PostTest -->
