<?xml version="1.0" encoding="UTF-8"?>
<!-- Generated by org.testng.reporters.JUnitReportReporter -->
<testsuite skipped="0" hostname="WKWCO5101768" name="Post.PostTest" tests="5" failures="0" timestamp="26 feb 2021 23:25:56 GMT" time="11.542" errors="0">
  <testcase name="getOneArticle" time="1.249" classname="Post.PostTest"/>
  <testcase name="createPostSucess" time="5.679" classname="Post.PostTest"/>
  <testcase name="editPostSucess" time="1.410" classname="Post.PostTest"/>
  <testcase name="deleteArticleSuccess" time="1.386" classname="Post.PostTest"/>
  <testcase name="getAllArticlesFromUser" time="1.818" classname="Post.PostTest"/>
</testsuite> <!-- Post.PostTest -->
